
══════════════════════════════════════════
  Builds 2x2 — 16:18
══════════════════════════════════════════
[0;31m❌[0m  HELOCApp — e: Daemon compilation failed: null
[0;32m✅[0m  LoanPayoffUS
[0;32m✅[0m  MortgageCA
[0;32m✅[0m  MortgageUK
[0;31m❌[0m  PropertyROISuite — FAILURE: Build failed with an exception.
[0;32m✅[0m  MortgageUS
[0;32m✅[0m  RentBuyUS
[0;32m✅[0m  RentalExpenses
[0;32m✅[0m  JobOfferUS
[0;32m✅[0m  CreditCardAPR
[0;32m✅[0m  StudentLoan
[0;32m✅[0m  ParkSmart
[0;32m✅[0m  AutoLoan
[0;32m✅[0m  rideprofit
[0;31m❌[0m  SalaryApp — FAILURE: Build failed with an exception.

══════════════════════════════════════════
  12/15 OK   3 FAILED
══════════════════════════════════════════
