
══════════════════════════════════════════
  Builds 2x2 — 03:34
══════════════════════════════════════════
[0;32m✅[0m  LoanPayoffUS
[0;32m✅[0m  HELOCApp
[0;32m✅[0m  MortgageUK
[0;32m✅[0m  MortgageCA
[0;31m❌[0m  PropertyROISuite — FAILURE: Build failed with an exception.
[0;32m✅[0m  MortgageUS
[0;31m❌[0m  RentBuyUS — e: Daemon compilation failed: null
[0;32m✅[0m  RentalExpenses
[0;32m✅[0m  CreditCardAPR
[0;32m✅[0m  JobOfferUS
[0;32m✅[0m  StudentLoan
[0;32m✅[0m  ParkSmart
[0;32m✅[0m  rideprofit
[0;32m✅[0m  AutoLoan
[0;32m✅[0m  SalaryApp

══════════════════════════════════════════
  13/15 OK   2 FAILED
══════════════════════════════════════════
